[debug] [2026-03-24T23:15:51.257Z] ----------------------------------------------------------------------
[debug] [2026-03-24T23:15:51.260Z] Command:       /opt/homebrew/Cellar/node/24.5.0/bin/node /opt/homebrew/bin/firebase deploy
[debug] [2026-03-24T23:15:51.260Z] CLI Version:   15.7.0
[debug] [2026-03-24T23:15:51.260Z] Platform:      darwin
[debug] [2026-03-24T23:15:51.260Z] Node Version:  v24.5.0
[debug] [2026-03-24T23:15:51.261Z] Time:          Wed Mar 25 2026 08:15:51 GMT+0900 (Korean Standard Time)
[debug] [2026-03-24T23:15:51.261Z] ----------------------------------------------------------------------
[debug] 
[debug] [2026-03-24T23:15:52.276Z] > command requires scopes: ["email","openid","https://www.googleapis.com/auth/cloudplatformprojects.readonly","https://www.googleapis.com/auth/firebase","https://www.googleapis.com/auth/cloud-platform"]
[debug] [2026-03-24T23:15:52.276Z] > authorizing via signed-in user (popoformac@gmail.com)
[debug] [2026-03-24T23:15:52.276Z] [iam] checking project multi-room-reservation-system for permissions ["datastore.indexes.create","datastore.indexes.delete","datastore.indexes.list","datastore.indexes.update","firebase.projects.get","firebasehosting.sites.update"]
[debug] [2026-03-24T23:15:52.277Z] Checked if tokens are valid: true, expires at: 1774397425335
[debug] [2026-03-24T23:15:52.277Z] Checked if tokens are valid: true, expires at: 1774397425335
[debug] [2026-03-24T23:15:52.278Z] >>> [apiv2][query] POST https://cloudresourcemanager.googleapis.com/v1/projects/multi-room-reservation-system:testIamPermissions [none]
[debug] [2026-03-24T23:15:52.278Z] >>> [apiv2][(partial)header] POST https://cloudresourcemanager.googleapis.com/v1/projects/multi-room-reservation-system:testIamPermissions  x-goog-user-project=multi-room-reservation-system
[debug] [2026-03-24T23:15:52.278Z] >>> [apiv2][body] POST https://cloudresourcemanager.googleapis.com/v1/projects/multi-room-reservation-system:testIamPermissions {"permissions":["datastore.indexes.create","datastore.indexes.delete","datastore.indexes.list","datastore.indexes.update","firebase.projects.get","firebasehosting.sites.update"]}
[debug] [2026-03-24T23:15:52.608Z] <<< [apiv2][status] POST https://cloudresourcemanager.googleapis.com/v1/projects/multi-room-reservation-system:testIamPermissions 200
[debug] [2026-03-24T23:15:52.608Z] <<< [apiv2][body] POST https://cloudresourcemanager.googleapis.com/v1/projects/multi-room-reservation-system:testIamPermissions {"permissions":["datastore.indexes.create","datastore.indexes.delete","datastore.indexes.list","datastore.indexes.update","firebase.projects.get","firebasehosting.sites.update"]}
[debug] [2026-03-24T23:15:52.609Z] Checked if tokens are valid: true, expires at: 1774397425335
[debug] [2026-03-24T23:15:52.609Z] Checked if tokens are valid: true, expires at: 1774397425335
[debug] [2026-03-24T23:15:52.610Z] >>> [apiv2][query] GET https://firebase.googleapis.com/v1beta1/projects/multi-room-reservation-system [none]
[debug] [2026-03-24T23:15:53.148Z] <<< [apiv2][status] GET https://firebase.googleapis.com/v1beta1/projects/multi-room-reservation-system 200
[debug] [2026-03-24T23:15:53.148Z] <<< [apiv2][body] GET https://firebase.googleapis.com/v1beta1/projects/multi-room-reservation-system {"projectId":"multi-room-reservation-system","projectNumber":"498301757165","displayName":"Multi-room-reservation-system","name":"projects/multi-room-reservation-system","resources":{"hostingSite":"multi-room-reservation-system"},"state":"ACTIVE","etag":"1_535548d8-4770-4898-b79d-0cdf630de83d"}
[info] 
[info] === Deploying to 'multi-room-reservation-system'...
[info] 
[info] i  deploying firestore, hosting 
[info] i  firestore: ensuring required API firestore.googleapis.com is enabled... 
[info] i  firestore: ensuring required API firestore.googleapis.com is enabled... 
[debug] [2026-03-24T23:15:53.152Z] Checked if tokens are valid: true, expires at: 1774397425335
[debug] [2026-03-24T23:15:53.152Z] Checked if tokens are valid: true, expires at: 1774397425335
[debug] [2026-03-24T23:15:53.153Z] >>> [apiv2][query] GET https://firestore.googleapis.com/v1/projects/multi-room-reservation-system/databases/(default) [none]
[debug] [2026-03-24T23:15:53.442Z] <<< [apiv2][status] GET https://firestore.googleapis.com/v1/projects/multi-room-reservation-system/databases/(default) 200
[debug] [2026-03-24T23:15:53.443Z] <<< [apiv2][body] GET https://firestore.googleapis.com/v1/projects/multi-room-reservation-system/databases/(default) {"name":"projects/multi-room-reservation-system/databases/(default)","uid":"e316de39-eaa2-4f7b-a81f-5a4ce0b77ff1","createTime":"2024-11-04T01:45:58.032396Z","updateTime":"2024-11-04T01:45:58.032396Z","locationId":"asia-northeast3","type":"FIRESTORE_NATIVE","concurrencyMode":"PESSIMISTIC","versionRetentionPeriod":"3600s","earliestVersionTime":"2026-03-24T22:15:53.438254Z","appEngineIntegrationMode":"DISABLED","keyPrefix":"v","pointInTimeRecoveryEnablement":"POINT_IN_TIME_RECOVERY_DISABLED","deleteProtectionState":"DELETE_PROTECTION_DISABLED","databaseEdition":"STANDARD","freeTier":true,"realtimeUpdatesMode":"REALTIME_UPDATES_MODE_ENABLED","etag":"ILqV1KnVuZMDMNTJvKam15ID"}
[info] i  firestore: reading indexes from firestore.indexes.json... 
[info] i  cloud.firestore: checking firebase.rules for compilation errors... 
[debug] [2026-03-24T23:15:53.446Z] Checked if tokens are valid: true, expires at: 1774397425335
[debug] [2026-03-24T23:15:53.446Z] Checked if tokens are valid: true, expires at: 1774397425335
[debug] [2026-03-24T23:15:53.446Z] >>> [apiv2][query] POST https://firebaserules.googleapis.com/v1/projects/multi-room-reservation-system:test [none]
[debug] [2026-03-24T23:15:53.447Z] >>> [apiv2][body] POST https://firebaserules.googleapis.com/v1/projects/multi-room-reservation-system:test [omitted]
[debug] [2026-03-24T23:15:53.872Z] <<< [apiv2][status] POST https://firebaserules.googleapis.com/v1/projects/multi-room-reservation-system:test 200
[debug] [2026-03-24T23:15:53.872Z] <<< [apiv2][body] POST https://firebaserules.googleapis.com/v1/projects/multi-room-reservation-system:test {}
[info] ✔  cloud.firestore: rules file firebase.rules compiled successfully 
[debug] [2026-03-24T23:15:53.876Z] Checked if tokens are valid: true, expires at: 1774397425335
[debug] [2026-03-24T23:15:53.876Z] Checked if tokens are valid: true, expires at: 1774397425335
[debug] [2026-03-24T23:15:53.876Z] >>> [apiv2][query] POST https://firebasehosting.googleapis.com/v1beta1/projects/-/sites/multi-room-reservation-system/versions [none]
[debug] [2026-03-24T23:15:53.876Z] >>> [apiv2][body] POST https://firebasehosting.googleapis.com/v1beta1/projects/-/sites/multi-room-reservation-system/versions {"status":"CREATED","labels":{"deployment-tool":"cli-firebase"}}
[debug] [2026-03-24T23:15:55.440Z] <<< [apiv2][status] POST https://firebasehosting.googleapis.com/v1beta1/projects/-/sites/multi-room-reservation-system/versions 200
[debug] [2026-03-24T23:15:55.440Z] <<< [apiv2][body] POST https://firebasehosting.googleapis.com/v1beta1/projects/-/sites/multi-room-reservation-system/versions {"name":"projects/498301757165/sites/multi-room-reservation-system/versions/a20568d6f2cf779b","status":"CREATED","config":{},"labels":{"deployment-tool":"cli-firebase"}}
[debug] [2026-03-24T23:15:55.441Z] Checked if tokens are valid: true, expires at: 1774397425335
[debug] [2026-03-24T23:15:55.441Z] Checked if tokens are valid: true, expires at: 1774397425335
[debug] [2026-03-24T23:15:55.441Z] >>> [apiv2][query] GET https://firebaserules.googleapis.com/v1/projects/multi-room-reservation-system/releases pageSize=10&pageToken=
[debug] [2026-03-24T23:15:56.451Z] <<< [apiv2][status] GET https://firebaserules.googleapis.com/v1/projects/multi-room-reservation-system/releases 200
[debug] [2026-03-24T23:15:56.452Z] <<< [apiv2][body] GET https://firebaserules.googleapis.com/v1/projects/multi-room-reservation-system/releases {"releases":[{"name":"projects/multi-room-reservation-system/releases/cloud.firestore","rulesetName":"projects/multi-room-reservation-system/rulesets/29115125-d5ac-45cc-8a32-fb547dbdb60c","createTime":"2024-11-04T01:46:06.496859Z","updateTime":"2026-03-24T23:10:48.165745Z"}]}
[debug] [2026-03-24T23:15:56.452Z] Checked if tokens are valid: true, expires at: 1774397425335
[debug] [2026-03-24T23:15:56.452Z] Checked if tokens are valid: true, expires at: 1774397425335
[debug] [2026-03-24T23:15:56.452Z] >>> [apiv2][query] GET https://firebaserules.googleapis.com/v1/projects/multi-room-reservation-system/rulesets/29115125-d5ac-45cc-8a32-fb547dbdb60c [none]
[debug] [2026-03-24T23:15:57.478Z] <<< [apiv2][status] GET https://firebaserules.googleapis.com/v1/projects/multi-room-reservation-system/rulesets/29115125-d5ac-45cc-8a32-fb547dbdb60c 200
[debug] [2026-03-24T23:15:57.479Z] <<< [apiv2][body] GET https://firebaserules.googleapis.com/v1/projects/multi-room-reservation-system/rulesets/29115125-d5ac-45cc-8a32-fb547dbdb60c [omitted]
[info] i  firestore: latest version of firebase.rules already up to date, skipping upload... 
[info] i  firestore: deploying indexes... 
[debug] [2026-03-24T23:15:57.481Z] Checked if tokens are valid: true, expires at: 1774397425335
[debug] [2026-03-24T23:15:57.482Z] Checked if tokens are valid: true, expires at: 1774397425335
[debug] [2026-03-24T23:15:57.482Z] >>> [apiv2][query] GET https://firestore.googleapis.com/v1/projects/multi-room-reservation-system/databases/(default)/collectionGroups/-/indexes [none]
[debug] [2026-03-24T23:15:57.563Z] <<< [apiv2][status] GET https://firestore.googleapis.com/v1/projects/multi-room-reservation-system/databases/(default)/collectionGroups/-/indexes 200
[debug] [2026-03-24T23:15:57.563Z] <<< [apiv2][body] GET https://firestore.googleapis.com/v1/projects/multi-room-reservation-system/databases/(default)/collectionGroups/-/indexes {"indexes":[{"name":"projects/multi-room-reservation-system/databases/(default)/collectionGroups/reservations/indexes/CICAgJim14AK","queryScope":"COLLECTION","fields":[{"fieldPath":"date","order":"ASCENDING"},{"fieldPath":"room","order":"ASCENDING"},{"fieldPath":"time","order":"ASCENDING"},{"fieldPath":"__name__","order":"ASCENDING"}],"state":"READY","density":"SPARSE_ALL"},{"name":"projects/multi-room-reservation-system/databases/(default)/collectionGroups/reservations/indexes/CICAgJjF9oIK","queryScope":"COLLECTION","fields":[{"fieldPath":"date","order":"ASCENDING"},{"fieldPath":"roomId","order":"ASCENDING"},{"fieldPath":"time","order":"ASCENDING"},{"fieldPath":"__name__","order":"ASCENDING"}],"state":"READY","density":"SPARSE_ALL"},{"name":"projects/multi-room-reservation-system/databases/(default)/collectionGroups/inquiries/indexes/CICAgJjmnIgK","queryScope":"COLLECTION","fields":[{"fieldPath":"studentId","order":"ASCENDING"},{"fieldPath":"createdAt","order":"DESCENDING"},{"fieldPath":"__name__","order":"DESCENDING"}],"state":"READY","density":"SPARSE_ALL"},{"name":"projects/multi-room-reservation-system/databases/(default)/collectionGroups/reservations/indexes/CICAgOi39IkK","queryScope":"COLLECTION","fields":[{"fieldPath":"date","order":"ASCENDING"},{"fieldPath":"time","order":"ASCENDING"},{"fieldPath":"__name__","order":"ASCENDING"}],"state":"READY","density":"SPARSE_ALL"},{"name":"projects/multi-room-reservation-system/databases/(default)/collectionGroups/places/indexes/CICAgOi3kJAK","queryScope":"COLLECTION","fields":[{"fieldPath":"wing","order":"ASCENDING"},{"fieldPath":"floor","order":"ASCENDING"},{"fieldPath":"order","order":"ASCENDING"},{"fieldPath":"name","order":"ASCENDING"},{"fieldPath":"__name__","order":"ASCENDING"}],"state":"READY","density":"SPARSE_ALL"},{"name":"projects/multi-room-reservation-system/databases/(default)/collectionGroups/reservations/indexes/CICAgJjmiJEK","queryScope":"COLLECTION","fields":[{"fieldPath":"studentId","order":"ASCENDING"},{"fieldPath":"date","order":"DESCENDING"},{"fieldPath":"__name__","order":"DESCENDING"}],"state":"READY","density":"SPARSE_ALL"}]}
[debug] [2026-03-24T23:15:57.563Z] Checked if tokens are valid: true, expires at: 1774397425335
[debug] [2026-03-24T23:15:57.563Z] Checked if tokens are valid: true, expires at: 1774397425335
[debug] [2026-03-24T23:15:57.564Z] >>> [apiv2][query] GET https://firestore.googleapis.com/v1/projects/multi-room-reservation-system/databases/(default)/collectionGroups/-/fields?filter=indexConfig.usesAncestorConfig=false OR ttlConfig:* [none]
[debug] [2026-03-24T23:15:57.596Z] <<< [apiv2][status] GET https://firestore.googleapis.com/v1/projects/multi-room-reservation-system/databases/(default)/collectionGroups/-/fields?filter=indexConfig.usesAncestorConfig=false OR ttlConfig:* 200
[debug] [2026-03-24T23:15:57.596Z] <<< [apiv2][body] GET https://firestore.googleapis.com/v1/projects/multi-room-reservation-system/databases/(default)/collectionGroups/-/fields?filter=indexConfig.usesAncestorConfig=false OR ttlConfig:* {"fields":[{"name":"projects/multi-room-reservation-system/databases/(default)/collectionGroups/__default__/fields/*","indexConfig":{"indexes":[{"queryScope":"COLLECTION","fields":[{"fieldPath":"*","order":"ASCENDING"}],"state":"READY"},{"queryScope":"COLLECTION","fields":[{"fieldPath":"*","order":"DESCENDING"}],"state":"READY"},{"queryScope":"COLLECTION","fields":[{"fieldPath":"*","arrayConfig":"CONTAINS"}],"state":"READY"}]}}]}
[debug] [2026-03-24T23:15:57.597Z] Checked if tokens are valid: true, expires at: 1774397425335
[debug] [2026-03-24T23:15:57.597Z] Checked if tokens are valid: true, expires at: 1774397425335
[debug] [2026-03-24T23:15:57.597Z] >>> [apiv2][query] GET https://firestore.googleapis.com/v1/projects/multi-room-reservation-system/databases/(default) [none]
[debug] [2026-03-24T23:15:57.654Z] <<< [apiv2][status] GET https://firestore.googleapis.com/v1/projects/multi-room-reservation-system/databases/(default) 200
[debug] [2026-03-24T23:15:57.655Z] <<< [apiv2][body] GET https://firestore.googleapis.com/v1/projects/multi-room-reservation-system/databases/(default) {"name":"projects/multi-room-reservation-system/databases/(default)","uid":"e316de39-eaa2-4f7b-a81f-5a4ce0b77ff1","createTime":"2024-11-04T01:45:58.032396Z","updateTime":"2024-11-04T01:45:58.032396Z","locationId":"asia-northeast3","type":"FIRESTORE_NATIVE","concurrencyMode":"PESSIMISTIC","versionRetentionPeriod":"3600s","earliestVersionTime":"2026-03-24T22:15:57.648480Z","appEngineIntegrationMode":"DISABLED","keyPrefix":"v","pointInTimeRecoveryEnablement":"POINT_IN_TIME_RECOVERY_DISABLED","deleteProtectionState":"DELETE_PROTECTION_DISABLED","databaseEdition":"STANDARD","freeTier":true,"realtimeUpdatesMode":"REALTIME_UPDATES_MODE_ENABLED","etag":"IPqQ1avVuZMDMNTJvKam15ID"}
[info] i  firestore: The following indexes are defined in your project but are not present in your firestore indexes file:
	(reservations) -- (date,ASCENDING) (room,ASCENDING) (time,ASCENDING)  -- Density:SPARSE_ALL 
	(reservations) -- (date,ASCENDING) (roomId,ASCENDING) (time,ASCENDING)  -- Density:SPARSE_ALL 
	(inquiries) -- (studentId,ASCENDING) (createdAt,DESCENDING)  -- Density:SPARSE_ALL 
	(reservations) -- (date,ASCENDING) (time,ASCENDING)  -- Density:SPARSE_ALL 
	(places) -- (wing,ASCENDING) (floor,ASCENDING) (order,ASCENDING) (name,ASCENDING)  -- Density:SPARSE_ALL 
	(reservations) -- (studentId,ASCENDING) (date,DESCENDING)  -- Density:SPARSE_ALL  
